Warning: Failed to post to 'http://127.0.0.1:8182/shunra/api/emulation/packetCaptureOnly', retcode=7.
Warning: Failed to start NV emulation. Perhaps the NV server is not working, and therefore a NV report will not be generated.
Virtual User Script started at: 02/02/2018 16:09:27
Starting action vuser_init.
Web Turbo Replay of LoadRunner 12.55.0 for Windows 10; build 911 (Jul 24 2017 19:46:00)  	[MsgId: MMSG-26983]
Run mode: HTML  	[MsgId: MMSG-26993]
Replay user agent: Mozilla/5.0 (Windows NT 10.0; WOW64; Trident/7.0; rv:11.0) like Gecko  	[MsgId: MMSG-26988]
Run-Time Settings file: "C:\Users\paul\Documents\VuGen\Scripts v01.00\14_URL_Correlations\\default.cfg"  	[MsgId: MMSG-27141]
Warning: Failed to get NV emulation handle.
Ending action vuser_init.
Running Vuser...
Starting iteration 1.
Maximum number of concurrent connections per server: 6  	[MsgId: MMSG-26989]
Starting action Action.
Warning: Failed to get NV emulation handle.
Action.c(3): web_url("moodle") started  	[MsgId: MMSG-26355]
Action.c(3): web_url("moodle") was successful, 101329 body bytes, 669 header bytes, 85 chunking overhead bytes  	[MsgId: MMSG-26385]
Action.c(12): web_concurrent_start started  	[MsgId: MMSG-26355]
Action.c(12): web_concurrent_start was successful  	[MsgId: MMSG-26392]
Action.c(14): web_url("logo") started  	[MsgId: MMSG-26355]
Action.c(14): Registering web_url("logo") was successful  	[MsgId: MMSG-26390]
Action.c(24): web_url("light3") started  	[MsgId: MMSG-26355]
Action.c(24): Registering web_url("light3") was successful  	[MsgId: MMSG-26390]
Action.c(30): web_concurrent_end started  	[MsgId: MMSG-26355]
Action.c(30): web_concurrent_end was successful, 20434 body bytes, 996 header bytes  	[MsgId: MMSG-26386]
Action.c(32): web_reg_find started  	[MsgId: MMSG-26355]
Action.c(32): Registering web_reg_find was successful  	[MsgId: MMSG-26390]
Action.c(35): web_reg_find started  	[MsgId: MMSG-26355]
Action.c(35): Registering web_reg_find was successful  	[MsgId: MMSG-26390]
Action.c(42): web_image_check started  	[MsgId: MMSG-26355]
Action.c(42): Verification checks not enabled. web_image_check is skipped. See the 'Run-time settings/Preferences/Checks'  	[MsgId: MMSG-27197]
Action.c(42): web_image_check was successful  	[MsgId: MMSG-26392]
Action.c(50): Notify: Transaction "Click login button" started.
Action.c(50): Warning: Failed to get NV emulation handle.
Action.c(52): web_url("index.php") started  	[MsgId: MMSG-26355]
Action.c(52): Registered web_reg_find successful for "Text=You are not logged in" (count=2)  	[MsgId: MMSG-26364]
Action.c(52): Registered web_reg_find successful for "Text=Returning to this web site?" (count=1)  	[MsgId: MMSG-26364]
Action.c(52): web_url("index.php") was successful, 22929 body bytes, 492 header bytes, 21 chunking overhead bytes  	[MsgId: MMSG-26385]
Action.c(61): Notify: Transaction "Click login button" ended with a "Pass" status (Duration: 1.8446 Wasted Time: 0.0158).
Action.c(64): Rendezvous Ren_LoginAs
Action.c(68): web_reg_save_param_ex started  	[MsgId: MMSG-26355]
Action.c(68): Registering web_reg_save_param_ex was successful  	[MsgId: MMSG-26390]
Action.c(75): Notify: Transaction "Log in as teacher" started.
Action.c(75): Warning: Failed to get NV emulation handle.
Action.c(77): web_submit_data("index.php_2") started  	[MsgId: MMSG-26355]
Action.c(77): Redirecting "http://localhost/moodle/login/index.php" (redirection depth is 0)  	[MsgId: MMSG-26694]
Action.c(77): To location "http://localhost/moodle/login/index.php?testsession=3"  	[MsgId: MMSG-26693]
Action.c(77): Redirecting "http://localhost/moodle/login/index.php?testsession=3" (redirection depth is 1)  	[MsgId: MMSG-26694]
Action.c(77): To location "http://localhost/moodle/"  	[MsgId: MMSG-26693]
Action.c(77): web_submit_data("index.php_2") was successful, 131099 body bytes, 1665 header bytes, 85 chunking overhead bytes  	[MsgId: MMSG-26385]
Action.c(91): Notify: Transaction "Log in as teacher" ended with a "Pass" status (Duration: 13.4573 Wasted Time: 0.0407).
Action.c(95): Notify: Transaction "Click on Course" started.
Action.c(95): Warning: Failed to get NV emulation handle.
Action.c(97): web_url("Test Course100") started  	[MsgId: MMSG-26355]
Action.c(97): web_url("Test Course100") was successful, 93676 body bytes, 599 header bytes, 30 chunking overhead bytes  	[MsgId: MMSG-26385]
Action.c(106): Notify: Transaction "Click on Course" ended with a "Pass" status (Duration: 2.9633 Wasted Time: 0.0175).
Action.c(108): Notify: Transaction "Log out as teacher1" started.
Action.c(108): Warning: Failed to get NV emulation handle.
Action.c(110): web_url("Logout") started  	[MsgId: MMSG-26355]
Action.c(110): Redirecting "http://localhost/moodle/login/logout.php?sesskey=pyYezKTlXT" (redirection depth is 0)  	[MsgId: MMSG-26694]
Action.c(110): To location "http://localhost/moodle/"  	[MsgId: MMSG-26693]
Action.c(110): web_url("Logout") was successful, 101882 body bytes, 1110 header bytes, 85 chunking overhead bytes  	[MsgId: MMSG-26385]
Action.c(119): Notify: Transaction "Log out as teacher1" ended with a "Pass" status (Duration: 5.9509 Wasted Time: 0.0202).
Ending action Action.
Ending iteration 1.
Ending Vuser...
Starting action vuser_end.
Warning: Failed to get NV emulation handle.
Ending action vuser_end.
Vuser Terminated.
